<?xml version="1.0" encoding="UTF-8"?>
<testng-results skipped="0" failed="0" ignored="0" total="1" passed="1">
  <reporter-output>
  </reporter-output>
  <suite name="Suite" duration-ms="4574" started-at="2018-04-18T17:37:50Z" finished-at="2018-04-18T17:37:55Z">
    <groups>
    </groups>
    <test name="Test" duration-ms="4574" started-at="2018-04-18T17:37:50Z" finished-at="2018-04-18T17:37:55Z">
      <class name="com.cba.samplepackage.SampleTestNGTest">
        <test-method status="PASS" signature="testPageTitle()[pri:0, instance:com.cba.samplepackage.SampleTestNGTest@26ba2a48]" name="testPageTitle" duration-ms="4512" started-at="2018-04-18T17:37:50Z" finished-at="2018-04-18T17:37:55Z">
          <reporter-output>
          </reporter-output>
        </test-method> <!-- testPageTitle -->
      </class> <!-- com.cba.samplepackage.SampleTestNGTest -->
    </test> <!-- Test -->
  </suite> <!-- Suite -->
</testng-results>
