<?xml version="1.0" encoding="UTF-8"?>
<testng-results skipped="0" failed="0" ignored="0" total="1" passed="1">
  <reporter-output>
  </reporter-output>
  <suite name="Default suite" duration-ms="4490" started-at="2018-04-18T15:46:12Z" finished-at="2018-04-18T15:46:16Z">
    <groups>
    </groups>
    <test name="Default test" duration-ms="4490" started-at="2018-04-18T15:46:12Z" finished-at="2018-04-18T15:46:16Z">
      <class name="com.cba.samplepackage.SampleTestNGTest">
        <test-method status="PASS" signature="testPageTitle()[pri:0, instance:com.cba.samplepackage.SampleTestNGTest@59fa1d9b]" name="testPageTitle" duration-ms="4451" started-at="2018-04-18T15:46:12Z" finished-at="2018-04-18T15:46:16Z">
          <reporter-output>
          </reporter-output>
        </test-method> <!-- testPageTitle -->
      </class> <!-- com.cba.samplepackage.SampleTestNGTest -->
    </test> <!-- Default test -->
  </suite> <!-- Default suite -->
</testng-results>
